<?xml version="1.0" encoding="UTF-8"?>
<testng-results ignored="0" total="1" passed="1" failed="0" skipped="0">
  <reporter-output>
  </reporter-output>
  <suite started-at="2024-08-23T03:04:12 PDT" name="Default suite" finished-at="2024-08-23T03:04:35 PDT" duration-ms="22644">
    <groups>
    </groups>
    <test started-at="2024-08-23T03:04:12 PDT" name="Default test" finished-at="2024-08-23T03:04:35 PDT" duration-ms="22644">
      <class name="com.scroll.Scroll">
        <test-method is-config="true" signature="setup()[pri:0, instance:com.scroll.Scroll@41a0aa7d]" started-at="2024-08-23T03:04:12 PDT" name="setup" finished-at="2024-08-23T03:04:28 PDT" duration-ms="16364" status="PASS">
          <reporter-output>
          </reporter-output>
        </test-method> <!-- setup -->
        <test-method signature="Example()[pri:0, instance:com.scroll.Scroll@41a0aa7d]" started-at="2024-08-23T03:04:28 PDT" name="Example" finished-at="2024-08-23T03:04:34 PDT" duration-ms="6163" status="PASS">
          <reporter-output>
          </reporter-output>
        </test-method> <!-- Example -->
      </class> <!-- com.scroll.Scroll -->
    </test> <!-- Default test -->
  </suite> <!-- Default suite -->
</testng-results>
